[INFO] Scanning for projects...
[WARNING] 
[WARNING] Some problems were encountered while building the effective model for zsx.dubbo:consumer:jar:1.0-SNAPSHOT
[WARNING] 'dependencies.dependency.(groupId:artifactId:type:classifier)' must be unique: ojdbc:ojdbc14:jar -> duplicate declaration of version 10.2.0.5.0 @ line 119, column 21
[WARNING] 'dependencies.dependency.(groupId:artifactId:type:classifier)' must be unique: org.hibernate:hibernate-core:jar -> duplicate declaration of version 4.2.16.Final @ line 183, column 21
[WARNING] 'dependencies.dependency.(groupId:artifactId:type:classifier)' must be unique: junit:junit:jar -> version 3.8.1 vs 4.12 @ line 246, column 21
[WARNING] 
[WARNING] It is highly recommended to fix these problems because they threaten the stability of your build.
[WARNING] 
[WARNING] For this reason, future Maven versions might no longer support building such malformed projects.
[WARNING] 
[INFO] 
[INFO] -------------------------< zsx.dubbo:consumer >-------------------------
[INFO] Building myProject Maven Webapp 1.0-SNAPSHOT
[INFO] --------------------------------[ jar ]---------------------------------
[INFO] 
[INFO] --- maven-dependency-plugin:2.8:tree (default-cli) @ consumer ---
[INFO] zsx.dubbo:consumer:jar:1.0-SNAPSHOT
[INFO] +- zsx.dubbo:common:jar:1.0-SNAPSHOT:compile
[INFO] +- org.springframework:spring-test:jar:4.3.18.RELEASE:test
[INFO] |  \- org.springframework:spring-core:jar:4.3.18.RELEASE:compile
[INFO] +- org.springframework:spring-webmvc:jar:4.3.18.RELEASE:compile
[INFO] |  +- org.springframework:spring-beans:jar:4.3.18.RELEASE:compile
[INFO] |  \- org.springframework:spring-expression:jar:4.3.18.RELEASE:compile
[INFO] +- org.springframework:spring-web:jar:4.3.18.RELEASE:compile
[INFO] +- org.springframework:spring-orm:jar:4.3.18.RELEASE:compile
[INFO] |  +- org.springframework:spring-jdbc:jar:4.3.18.RELEASE:compile
[INFO] |  \- org.springframework:spring-tx:jar:4.3.18.RELEASE:compile
[INFO] +- ojdbc:ojdbc14:jar:10.2.0.5.0:compile
[INFO] +- org.hibernate:hibernate-validator:jar:4.0.2.GA:compile
[INFO] |  +- org.slf4j:slf4j-api:jar:1.5.6:compile
[INFO] |  +- javax.xml.bind:jaxb-api:jar:2.1:compile
[INFO] |  |  +- javax.xml.stream:stax-api:jar:1.0-2:compile
[INFO] |  |  \- javax.activation:activation:jar:1.1:compile
[INFO] |  \- com.sun.xml.bind:jaxb-impl:jar:2.1.3:compile
[INFO] +- org.hibernate:hibernate-core:jar:4.2.16.Final:compile
[INFO] |  +- antlr:antlr:jar:2.7.7:compile
[INFO] |  +- org.jboss.logging:jboss-logging:jar:3.1.0.GA:compile
[INFO] |  +- dom4j:dom4j:jar:1.6.1:compile
[INFO] |  +- org.javassist:javassist:jar:3.18.1-GA:compile
[INFO] |  +- org.jboss.spec.javax.transaction:jboss-transaction-api_1.1_spec:jar:1.0.1.Final:compile
[INFO] |  +- org.hibernate.javax.persistence:hibernate-jpa-2.0-api:jar:1.0.1.Final:compile
[INFO] |  \- org.hibernate.common:hibernate-commons-annotations:jar:4.0.2.Final:compile
[INFO] +- org.hibernate:hibernate-ehcache:jar:4.3.8.Final:compile
[INFO] |  +- org.jboss.logging:jboss-logging-annotations:jar:1.2.0.Beta1:compile
[INFO] |  \- net.sf.ehcache:ehcache-core:jar:2.4.3:compile
[INFO] +- commons-dbcp:commons-dbcp:jar:1.4:compile
[INFO] |  \- commons-pool:commons-pool:jar:1.5.4:compile
[INFO] +- javax.servlet:servlet-api:jar:2.5:provided
[INFO] +- log4j:log4j:jar:1.2.17:compile
[INFO] +- com.alibaba:fastjson:jar:1.2.47:compile
[INFO] +- org.slf4j:slf4j-log4j12:jar:1.5.2:compile
[INFO] +- junit:junit:jar:4.12:test
[INFO] |  \- org.hamcrest:hamcrest-core:jar:1.3:test
[INFO] +- org.apache.poi:poi-scratchpad:jar:3.17:compile
[INFO] |  \- org.apache.poi:poi:jar:3.17:compile
[INFO] |     +- commons-codec:commons-codec:jar:1.10:compile
[INFO] |     \- org.apache.commons:commons-collections4:jar:4.1:compile
[INFO] +- javax.servlet.jsp:jsp-api:jar:2.2:compile
[INFO] +- javax.validation:validation-api:jar:1.1.0.Final:compile
[INFO] +- org.apache.ant:ant:jar:1.7.0:compile
[INFO] |  \- org.apache.ant:ant-launcher:jar:1.7.0:compile
[INFO] +- javax.servlet:jstl:jar:1.2:compile
[INFO] +- taglibs:standard:jar:1.1.2:compile
[INFO] +- org.springframework:spring-context:jar:4.1.3.RELEASE:compile
[INFO] +- org.aspectj:aspectjweaver:jar:1.8.4:compile
[INFO] +- org.springframework:spring-aop:jar:4.1.3.RELEASE:compile
[INFO] |  \- aopalliance:aopalliance:jar:1.0:compile
[INFO] +- org.springframework:spring-aspects:jar:4.1.3.RELEASE:compile
[INFO] +- commons-io:commons-io:jar:2.5:compile
[INFO] +- redis.clients:jedis:jar:2.9.0:compile
[INFO] |  \- org.apache.commons:commons-pool2:jar:2.4.2:compile
[INFO] +- commons-logging:commons-logging:jar:1.2:compile
[INFO] \- commons-logging:commons-logging-api:jar:1.1:compile
[INFO] ------------------------------------------------------------------------
[INFO] BUILD SUCCESS
[INFO] ------------------------------------------------------------------------
[INFO] Total time: 1.941 s
[INFO] Finished at: 2019-09-14T23:25:30+08:00
[INFO] ------------------------------------------------------------------------
